<?xml version="1.0" encoding="UTF-8"?>
<!-- Generated by org.testng.reporters.JUnitXMLReporter -->
<testsuite hostname="KAVIYAZHINI" ignored="0" name="Test" tests="2" failures="0" timestamp="23 Aug 2021 08:42:39 GMT" time="0.112" errors="0">
  <testcase name="@BeforeClass setUp" time="0.083" classname="com.amazon.test.SearchResultTest">
    <failure type="java.lang.NullPointerException">
      <![CDATA[java.lang.NullPointerException
	at com.amazon.base.TestBase.initialization(TestBase.java:68)
	at com.amazon.test.SearchResultTest.setUp(SearchResultTest.java:50)
... Removed 29 stack frames]]>
    </failure>
  </testcase> <!-- @BeforeClass setUp -->
  <testcase name="@AfterClass tierDown" time="0.0" classname="com.amazon.test.SearchResultTest">
    <skipped/>
  </testcase> <!-- @AfterClass tierDown -->
  <testcase name="openHomePage" time="0.0" classname="com.amazon.test.SearchResultTest">
    <skipped/>
  </testcase> <!-- openHomePage -->
  <testcase name="searchProudct" time="0.0" classname="com.amazon.test.SearchResultTest">
    <skipped/>
  </testcase> <!-- searchProudct -->
</testsuite> <!-- Test -->
