-------------------------------------------------------------------------------
Test set: TestSuite
-------------------------------------------------------------------------------
Tests run: 4, Failures: 1, Errors: 0, Skipped: 3, Time elapsed: 1.546 s <<< FAILURE! - in TestSuite
setUp(com.amazon.test.SearchResultTest)  Time elapsed: 0.736 s  <<< FAILURE!
java.lang.NullPointerException
	at com.amazon.test.SearchResultTest.setUp(SearchResultTest.java:50)

